<?xml version="1.0" encoding="UTF-8"?>
<testsuite xmlns:xsi="http://www.w3.org/2001/XMLSchema-instance" xsi:noNamespaceSchemaLocation="https://maven.apache.org/surefire/maven-surefire-plugin/xsd/surefire-test-report.xsd" version="3.0.2" name="com.garba.garba.GarbaApplicationTests" time="1.8" tests="1" errors="0" skipped="0" failures="0">
  <properties>
[...]
</properties>
  <testcase name="contextLoads" classname="com.garba.garba.GarbaApplicationTests" time="0.56">
    <system-out><![CDATA[20:04:59.943 [main] INFO org.springframework.test.context.support.AnnotationConfigContextLoaderUtils -- Could not detect default configuration classes for test class [com.garba.garba.GarbaApplicationTests]: GarbaApplicationTests does not declare any static, non-private, non-final, nested classes annotated with @Configuration.
20:05:00.014 [main] INFO org.springframework.boot.test.context.SpringBootTestContextBootstrapper -- Found @SpringBootConfiguration com.garba.garba.GarbaApplication for test class com.garba.garba.GarbaApplicationTests

  .   ____          _            __ _ _
 /\\ / ___'_ __ _ _(_)_ __  __ _ \ \ \ \
( ( )\___ | '_ | '_| | '_ \/ _` | \ \ \ \
 \\/  ___)| |_)| | | | | || (_| |  ) ) ) )
  '  |____| .__|_| |_|_| |_\__, | / / / /
 =========|_|==============|___/=/_/_/_/

 :: Spring Boot ::                (v3.5.5)

2025-08-25T20:05:00.339+05:30  INFO 1363202 --- [Garba] [           main] com.garba.garba.GarbaApplicationTests    : Starting GarbaApplicationTests using Java 17.0.12 with PID 1363202 (started by jarvis in /home/jarvis/Documents/Github/garbamatch-server)
2025-08-25T20:05:00.341+05:30  INFO 1363202 --- [Garba] [           main] com.garba.garba.GarbaApplicationTests    : No active profile set, falling back to 1 default profile: "default"
2025-08-25T20:05:01.059+05:30  INFO 1363202 --- [Garba] [           main] com.garba.garba.GarbaApplicationTests    : Started GarbaApplicationTests in 0.947 seconds (process running for 1.624)
]]></system-out>
  </testcase>
</testsuite>